Build started 3/28/2016 3:46:30 PM.
     1>Project "C:\Users\Jerm\Desktop\CS Projects\CS32 Project 3\FrackMan\FrackMan.vcxproj" on node 2 (Build target(s)).
     1>ClCompile:
         C:\Program Files (x86)\Microsoft Visual Studio 14.0\VC\bin\CL.exe /c /IirrKlang /ZI /nologo /W3 /WX- /Od /Oy- /D WIN32 /D _DEBUG /D _CONSOLE /D _CRT_SECURE_NO_WARNINGS /D GLUT_BUILDING_LIB /D _UNICODE /D UNICODE /Gm /EHsc /RTC1 /MTd /GS /fp:precise /Zc:wchar_t /Zc:forScope /Zc:inline /Fo"Debug\\" /Fd"Debug\vc140.pdb" /Gd /TP /analyze- /errorReport:prompt Actor.cpp GameController.cpp GameWorld.cpp main.cpp StudentWorld.cpp
         StudentWorld.cpp
         main.cpp
         GameWorld.cpp
         GameController.cpp
         Actor.cpp
         Generating Code...
     1>c:\users\jerm\desktop\cs projects\cs32 project 3\frackman\actor.cpp(358): warning C4715: 'Protester::canTurn': not all control paths return a value
       Link:
         C:\Program Files (x86)\Microsoft Visual Studio 14.0\VC\bin\link.exe /ERRORREPORT:PROMPT /OUT:"C:\Users\Jerm\Desktop\CS Projects\CS32 Project 3\Debug\FrackMan.exe" /INCREMENTAL /NOLOGO freeglut.lib dsound.lib winmm.lib opengl32.lib glu32.lib kernel32.lib user32.lib gdi32.lib winspool.lib comdlg32.lib advapi32.lib shell32.lib ole32.lib oleaut32.lib uuid.lib odbc32.lib odbccp32.lib /MANIFEST /MANIFESTUAC:"level='asInvoker' uiAccess='false'" /manifest:embed /Debug /PDB:"C:\Users\Jerm\Desktop\CS Projects\CS32 Project 3\Debug\FrackMan.pdb" /SUBSYSTEM:CONSOLE /TLBID:1 /DYNAMICBASE /NXCOMPAT /IMPLIB:"C:\Users\Jerm\Desktop\CS Projects\CS32 Project 3\Debug\FrackMan.lib" /MACHINE:X86 Debug\Actor.obj
         Debug\GameController.obj
         Debug\GameWorld.obj
         Debug\main.obj
         Debug\StudentWorld.obj
         FrackMan.vcxproj -> C:\Users\Jerm\Desktop\CS Projects\CS32 Project 3\Debug\FrackMan.exe
     1>Done Building Project "C:\Users\Jerm\Desktop\CS Projects\CS32 Project 3\FrackMan\FrackMan.vcxproj" (Build target(s)).

Build succeeded.

Time Elapsed 00:00:12.70
